[INFO] 2019-十二月-08 00:00:18 - application starting...
[INFO] 2019-十二月-08 00:00:22 - loading nacos...
[INFO] 2019-十二月-08 00:00:22 - loading category
[INFO] 2019-十二月-08 00:00:22 - YAML CONTENT : 
categories:
  - code: 1 
    name: 学术研究
  - code: 2
    name: 体育运动
  - code: 3 
    name: 艺术造诣
  - code: 4 
    name: 兴趣爱好
  - code: 5
    name: 其他
[INFO] 2019-十二月-08 00:00:22 - parse start...
[INFO] 2019-十二月-08 00:00:22 - parse end...
[INFO] 2019-十二月-08 00:00:22 - load end : CategoryDTO(categories=[CategoryDTO.Category(code=1, name=学术研究), CategoryDTO.Category(code=2, name=体育运动), CategoryDTO.Category(code=3, name=艺术造诣), CategoryDTO.Category(code=4, name=兴趣爱好), CategoryDTO.Category(code=5, name=其他)])
[INFO] 2019-十二月-08 00:00:22 - loading auth
[INFO] 2019-十二月-08 00:00:22 - YAML CONTENT : 
auth:
  - id: A
    name: 未注册用户
    urls: 
      - /mainPage/*
    children:
      - id: A2
        name: 普通用户
        urls:
          - /users/*
          - -/admin/* # 代表不能进去admin 相关页面
  - id: B
    name: 教师
    urls:
     - /*

[INFO] 2019-十二月-08 00:00:22 - parse start...
[INFO] 2019-十二月-08 00:00:22 - load end : AuthDTO(auth=null)
[INFO] 2019-十二月-08 00:00:22 - loading school
[INFO] 2019-十二月-08 00:00:22 - YAML CONTENT : 
areas: 
  - code: 1 
    name: 上海
    schools: 
      - code: 1
        name: 上海电力大学
      - code: 2 
        name: 上海大学
      - code: 3 
        name: 上海还行大学
  - code: 2 
    name: 北京
    schools: 
      - code: 4
        name: 北京大学
      - code: 5 
        name: 清华大学
  - code: 3 
    name: 浙江
    schools: 
      - code: 6
        name: 浙江大学
[INFO] 2019-十二月-08 00:00:22 - parse start...
[INFO] 2019-十二月-08 00:00:22 - parse end...
[INFO] 2019-十二月-08 00:00:22 - load end : SchoolDTO(areas=[SchoolDTO.Area(code=1, name=上海, schools=[SchoolDTO.School(code=1, name=上海电力大学), SchoolDTO.School(code=2, name=上海大学), SchoolDTO.School(code=3, name=上海还行大学)]), SchoolDTO.Area(code=2, name=北京, schools=[SchoolDTO.School(code=4, name=北京大学), SchoolDTO.School(code=5, name=清华大学)]), SchoolDTO.Area(code=3, name=浙江, schools=[SchoolDTO.School(code=6, name=浙江大学)])])
[INFO] 2019-十二月-08 00:00:22 - load end...
[INFO] 2019-十二月-08 00:00:22 - application started...
[INFO] 2019-十二月-08 00:01:00 - nacos renew : 
school - areas: 
  - code: 1 
    name: 上海
    schools: 
      - code: 1
        name: 上海电力大学
      - code: 2 
        name: 上海大学
      - code: 3 
        name: 上海还行大学
  - code: 2 
    name: 北京
    schools: 
      - code: 4
        name: 北京大学
      - code: 5 
        name: 清华大学
  - code: 3 
    name: 浙江
    schools: 
      - code: 6
        name: 浙江大学
      - code: 7
        name: 杭州大学
[INFO] 2019-十二月-08 00:01:30 - nacos renew : 
school - areas: 
  - code: 1 
    name: 上海
    schools: 
      - code: 1
        name: 上海电力大学
      - code: 2 
        name: 上海大学
      - code: 3 
        name: 上海还行大学
  - code: 2 
    name: 北京
    schools: 
      - code: 4
        name: 北京大学
      - code: 5 
        name: 清华大学
  - code: 3 
    name: 浙江
    schools: 
      - code: 6
        name: 浙江大学
      - code: 7
        name: 杭州大学
[INFO] 2019-十二月-08 00:01:47 - nacos renew : 
auth - auth:
  - id: A
    name: 未注册用户
    urls: 
      - /mainPage/*
    children:
      - id: A2
        name: 普通用户
        urls:
          - /users/*
          - -/admin/* # 代表不能进去admin 相关页面
  - id: B
    name: 教师
    urls:
     - /*
     - -/admin/*
  - id: C
    name: 超级管理员
    urls: 
     - /*
[INFO] 2019-十二月-08 00:01:47 - nacos renew : 
school - areas: 
  - code: 1 
    name: 上海
    schools: 
      - code: 1
        name: 上海电力大学
      - code: 2 
        name: 上海大学
      - code: 3 
        name: 上海还行大学
  - code: 2 
    name: 北京
    schools: 
      - code: 4
        name: 北京大学
      - code: 5 
        name: 清华大学
  - code: 3 
    name: 浙江
    schools: 
      - code: 6
        name: 浙江大学
      - code: 7
        name: 杭州大学
[INFO] 2019-十二月-08 00:02:17 - nacos renew : 
school - areas: 
  - code: 1 
    name: 上海
    schools: 
      - code: 1
        name: 上海电力大学
      - code: 2 
        name: 上海大学
      - code: 3 
        name: 上海还行大学
  - code: 2 
    name: 北京
    schools: 
      - code: 4
        name: 北京大学
      - code: 5 
        name: 清华大学
  - code: 3 
    name: 浙江
    schools: 
      - code: 6
        name: 浙江大学
      - code: 7
        name: 杭州大学
[INFO] 2019-十二月-08 00:02:17 - nacos renew : 
auth - auth:
  - id: A
    name: 未注册用户
    urls: 
      - /mainPage/*
    children:
      - id: A2
        name: 普通用户
        urls:
          - /users/*
          - -/admin/* # 代表不能进去admin 相关页面
  - id: B
    name: 教师
    urls:
     - /*
     - -/admin/*
  - id: C
    name: 超级管理员
    urls: 
     - /*
[INFO] 2019-十二月-08 00:02:39 - nacos renew : 
category - categories:
  - code: 1 
    name: 学术研究
  - code: 2
    name: 体育运动
  - code: 3 
    name: 艺术造诣
  - code: 4 
    name: 兴趣爱好
  - code: 5
    name: 古典文学
  - code: 6
    name: 其他
[INFO] 2019-十二月-08 00:02:39 - nacos renew : 
auth - auth:
  - id: A
    name: 未注册用户
    urls: 
      - /mainPage/*
    children:
      - id: A2
        name: 普通用户
        urls:
          - /users/*
          - -/admin/* # 代表不能进去admin 相关页面
  - id: B
    name: 教师
    urls:
     - /*
     - -/admin/*
  - id: C
    name: 超级管理员
    urls: 
     - /*
[INFO] 2019-十二月-08 00:02:39 - nacos renew : 
school - areas: 
  - code: 1 
    name: 上海
    schools: 
      - code: 1
        name: 上海电力大学
      - code: 2 
        name: 上海大学
      - code: 3 
        name: 上海还行大学
  - code: 2 
    name: 北京
    schools: 
      - code: 4
        name: 北京大学
      - code: 5 
        name: 清华大学
  - code: 3 
    name: 浙江
    schools: 
      - code: 6
        name: 浙江大学
      - code: 7
        name: 杭州大学
[INFO] 2019-十二月-08 00:03:08 - nacos renew : 
category - categories:
  - code: 1 
    name: 学术研究
  - code: 2
    name: 体育运动
  - code: 3 
    name: 艺术造诣
  - code: 4 
    name: 兴趣爱好
  - code: 5
    name: 古典文学
  - code: 6
    name: 其他
[INFO] 2019-十二月-08 00:03:08 - nacos renew : 
auth - auth:
  - id: A
    name: 未注册用户
    urls: 
      - /mainPage/*
    children:
      - id: A2
        name: 普通用户
        urls:
          - /users/*
          - -/admin/* # 代表不能进去admin 相关页面
  - id: B
    name: 教师
    urls:
     - /*
     - -/admin/*
  - id: C
    name: 超级管理员
    urls: 
     - /*
[INFO] 2019-十二月-08 00:03:08 - nacos renew : 
school - areas: 
  - code: 1 
    name: 上海
    schools: 
      - code: 1
        name: 上海电力大学
      - code: 2 
        name: 上海大学
      - code: 3 
        name: 上海还行大学
  - code: 2 
    name: 北京
    schools: 
      - code: 4
        name: 北京大学
      - code: 5 
        name: 清华大学
  - code: 3 
    name: 浙江
    schools: 
      - code: 6
        name: 浙江大学
      - code: 7
        name: 杭州大学
[INFO] 2019-十二月-08 00:03:38 - nacos renew : 
auth - auth:
  - id: A
    name: 未注册用户
    urls: 
      - /mainPage/*
    children:
      - id: A2
        name: 普通用户
        urls:
          - /users/*
          - -/admin/* # 代表不能进去admin 相关页面
  - id: B
    name: 教师
    urls:
     - /*
     - -/admin/*
  - id: C
    name: 超级管理员
    urls: 
     - /*
[INFO] 2019-十二月-08 00:03:38 - nacos renew : 
school - areas: 
  - code: 1 
    name: 上海
    schools: 
      - code: 1
        name: 上海电力大学
      - code: 2 
        name: 上海大学
      - code: 3 
        name: 上海还行大学
  - code: 2 
    name: 北京
    schools: 
      - code: 4
        name: 北京大学
      - code: 5 
        name: 清华大学
  - code: 3 
    name: 浙江
    schools: 
      - code: 6
        name: 浙江大学
      - code: 7
        name: 杭州大学
[INFO] 2019-十二月-08 00:04:07 - nacos renew : 
auth - auth:
  - id: A
    name: 未注册用户
    urls: 
      - /mainPage/*
    children:
      - id: A2
        name: 普通用户
        urls:
          - /users/*
          - -/admin/* # 代表不能进去admin 相关页面
  - id: B
    name: 教师
    urls:
     - /*
     - -/admin/*
  - id: C
    name: 超级管理员
    urls: 
     - /*
[INFO] 2019-十二月-08 00:04:07 - nacos renew : 
school - areas: 
  - code: 1 
    name: 上海
    schools: 
      - code: 1
        name: 上海电力大学
      - code: 2 
        name: 上海大学
      - code: 3 
        name: 上海还行大学
  - code: 2 
    name: 北京
    schools: 
      - code: 4
        name: 北京大学
      - code: 5 
        name: 清华大学
  - code: 3 
    name: 浙江
    schools: 
      - code: 6
        name: 浙江大学
      - code: 7
        name: 杭州大学
[INFO] 2019-十二月-08 00:04:37 - nacos renew : 
auth - auth:
  - id: A
    name: 未注册用户
    urls: 
      - /mainPage/*
    children:
      - id: A2
        name: 普通用户
        urls:
          - /users/*
          - -/admin/* # 代表不能进去admin 相关页面
  - id: B
    name: 教师
    urls:
     - /*
     - -/admin/*
  - id: C
    name: 超级管理员
    urls: 
     - /*
[INFO] 2019-十二月-08 00:04:37 - nacos renew : 
school - areas: 
  - code: 1 
    name: 上海
    schools: 
      - code: 1
        name: 上海电力大学
      - code: 2 
        name: 上海大学
      - code: 3 
        name: 上海还行大学
  - code: 2 
    name: 北京
    schools: 
      - code: 4
        name: 北京大学
      - code: 5 
        name: 清华大学
  - code: 3 
    name: 浙江
    schools: 
      - code: 6
        name: 浙江大学
      - code: 7
        name: 杭州大学
[INFO] 2019-十二月-08 00:05:06 - nacos renew : 
auth - auth:
  - id: A
    name: 未注册用户
    urls: 
      - /mainPage/*
    children:
      - id: A2
        name: 普通用户
        urls:
          - /users/*
          - -/admin/* # 代表不能进去admin 相关页面
  - id: B
    name: 教师
    urls:
     - /*
     - -/admin/*
  - id: C
    name: 超级管理员
    urls: 
     - /*
[INFO] 2019-十二月-08 00:05:06 - nacos renew : 
school - areas: 
  - code: 1 
    name: 上海
    schools: 
      - code: 1
        name: 上海电力大学
      - code: 2 
        name: 上海大学
      - code: 3 
        name: 上海还行大学
  - code: 2 
    name: 北京
    schools: 
      - code: 4
        name: 北京大学
      - code: 5 
        name: 清华大学
  - code: 3 
    name: 浙江
    schools: 
      - code: 6
        name: 浙江大学
      - code: 7
        name: 杭州大学
[INFO] 2019-十二月-08 00:05:36 - nacos renew : 
auth - auth:
  - id: A
    name: 未注册用户
    urls: 
      - /mainPage/*
    children:
      - id: A2
        name: 普通用户
        urls:
          - /users/*
          - -/admin/* # 代表不能进去admin 相关页面
  - id: B
    name: 教师
    urls:
     - /*
     - -/admin/*
  - id: C
    name: 超级管理员
    urls: 
     - /*
[INFO] 2019-十二月-08 00:05:36 - nacos renew : 
school - areas: 
  - code: 1 
    name: 上海
    schools: 
      - code: 1
        name: 上海电力大学
      - code: 2 
        name: 上海大学
      - code: 3 
        name: 上海还行大学
  - code: 2 
    name: 北京
    schools: 
      - code: 4
        name: 北京大学
      - code: 5 
        name: 清华大学
  - code: 3 
    name: 浙江
    schools: 
      - code: 6
        name: 浙江大学
      - code: 7
        name: 杭州大学
[INFO] 2019-十二月-08 00:06:05 - nacos renew : 
school - areas: 
  - code: 1 
    name: 上海
    schools: 
      - code: 1
        name: 上海电力大学
      - code: 2 
        name: 上海大学
      - code: 3 
        name: 上海还行大学
  - code: 2 
    name: 北京
    schools: 
      - code: 4
        name: 北京大学
      - code: 5 
        name: 清华大学
  - code: 3 
    name: 浙江
    schools: 
      - code: 6
        name: 浙江大学
      - code: 7
        name: 杭州大学
[INFO] 2019-十二月-08 00:06:05 - nacos renew : 
auth - auth:
  - id: A
    name: 未注册用户
    urls: 
      - /mainPage/*
    children:
      - id: A2
        name: 普通用户
        urls:
          - /users/*
          - -/admin/* # 代表不能进去admin 相关页面
  - id: B
    name: 教师
    urls:
     - /*
     - -/admin/*
  - id: C
    name: 超级管理员
    urls: 
     - /*
[INFO] 2019-十二月-08 00:06:35 - nacos renew : 
auth - auth:
  - id: A
    name: 未注册用户
    urls: 
      - /mainPage/*
    children:
      - id: A2
        name: 普通用户
        urls:
          - /users/*
          - -/admin/* # 代表不能进去admin 相关页面
  - id: B
    name: 教师
    urls:
     - /*
     - -/admin/*
  - id: C
    name: 超级管理员
    urls: 
     - /*
[INFO] 2019-十二月-08 00:06:35 - nacos renew : 
school - areas: 
  - code: 1 
    name: 上海
    schools: 
      - code: 1
        name: 上海电力大学
      - code: 2 
        name: 上海大学
      - code: 3 
        name: 上海还行大学
  - code: 2 
    name: 北京
    schools: 
      - code: 4
        name: 北京大学
      - code: 5 
        name: 清华大学
  - code: 3 
    name: 浙江
    schools: 
      - code: 6
        name: 浙江大学
      - code: 7
        name: 杭州大学
[INFO] 2019-十二月-08 00:07:04 - nacos renew : 
auth - auth:
  - id: A
    name: 未注册用户
    urls: 
      - /mainPage/*
    children:
      - id: A2
        name: 普通用户
        urls:
          - /users/*
          - -/admin/* # 代表不能进去admin 相关页面
  - id: B
    name: 教师
    urls:
     - /*
     - -/admin/*
  - id: C
    name: 超级管理员
    urls: 
     - /*
[INFO] 2019-十二月-08 00:07:04 - nacos renew : 
school - areas: 
  - code: 1 
    name: 上海
    schools: 
      - code: 1
        name: 上海电力大学
      - code: 2 
        name: 上海大学
      - code: 3 
        name: 上海还行大学
  - code: 2 
    name: 北京
    schools: 
      - code: 4
        name: 北京大学
      - code: 5 
        name: 清华大学
  - code: 3 
    name: 浙江
    schools: 
      - code: 6
        name: 浙江大学
      - code: 7
        name: 杭州大学
[INFO] 2019-十二月-08 00:07:34 - nacos renew : 
auth - auth:
  - id: A
    name: 未注册用户
    urls: 
      - /mainPage/*
    children:
      - id: A2
        name: 普通用户
        urls:
          - /users/*
          - -/admin/* # 代表不能进去admin 相关页面
  - id: B
    name: 教师
    urls:
     - /*
     - -/admin/*
  - id: C
    name: 超级管理员
    urls: 
     - /*
[INFO] 2019-十二月-08 00:07:34 - nacos renew : 
school - areas: 
  - code: 1 
    name: 上海
    schools: 
      - code: 1
        name: 上海电力大学
      - code: 2 
        name: 上海大学
      - code: 3 
        name: 上海还行大学
  - code: 2 
    name: 北京
    schools: 
      - code: 4
        name: 北京大学
      - code: 5 
        name: 清华大学
  - code: 3 
    name: 浙江
    schools: 
      - code: 6
        name: 浙江大学
      - code: 7
        name: 杭州大学
[INFO] 2019-十二月-08 00:08:03 - nacos renew : 
auth - auth:
  - id: A
    name: 未注册用户
    urls: 
      - /mainPage/*
    children:
      - id: A2
        name: 普通用户
        urls:
          - /users/*
          - -/admin/* # 代表不能进去admin 相关页面
  - id: B
    name: 教师
    urls:
     - /*
     - -/admin/*
  - id: C
    name: 超级管理员
    urls: 
     - /*
[INFO] 2019-十二月-08 00:08:03 - nacos renew : 
school - areas: 
  - code: 1 
    name: 上海
    schools: 
      - code: 1
        name: 上海电力大学
      - code: 2 
        name: 上海大学
      - code: 3 
        name: 上海还行大学
  - code: 2 
    name: 北京
    schools: 
      - code: 4
        name: 北京大学
      - code: 5 
        name: 清华大学
  - code: 3 
    name: 浙江
    schools: 
      - code: 6
        name: 浙江大学
      - code: 7
        name: 杭州大学
[INFO] 2019-十二月-08 00:08:33 - nacos renew : 
auth - auth:
  - id: A
    name: 未注册用户
    urls: 
      - /mainPage/*
    children:
      - id: A2
        name: 普通用户
        urls:
          - /users/*
          - -/admin/* # 代表不能进去admin 相关页面
  - id: B
    name: 教师
    urls:
     - /*
     - -/admin/*
  - id: C
    name: 超级管理员
    urls: 
     - /*
[INFO] 2019-十二月-08 00:08:33 - nacos renew : 
school - areas: 
  - code: 1 
    name: 上海
    schools: 
      - code: 1
        name: 上海电力大学
      - code: 2 
        name: 上海大学
      - code: 3 
        name: 上海还行大学
  - code: 2 
    name: 北京
    schools: 
      - code: 4
        name: 北京大学
      - code: 5 
        name: 清华大学
  - code: 3 
    name: 浙江
    schools: 
      - code: 6
        name: 浙江大学
      - code: 7
        name: 杭州大学
[INFO] 2019-十二月-08 00:09:02 - nacos renew : 
auth - auth:
  - id: A
    name: 未注册用户
    urls: 
      - /mainPage/*
    children:
      - id: A2
        name: 普通用户
        urls:
          - /users/*
          - -/admin/* # 代表不能进去admin 相关页面
  - id: B
    name: 教师
    urls:
     - /*
     - -/admin/*
  - id: C
    name: 超级管理员
    urls: 
     - /*
[INFO] 2019-十二月-08 00:09:02 - nacos renew : 
school - areas: 
  - code: 1 
    name: 上海
    schools: 
      - code: 1
        name: 上海电力大学
      - code: 2 
        name: 上海大学
      - code: 3 
        name: 上海还行大学
  - code: 2 
    name: 北京
    schools: 
      - code: 4
        name: 北京大学
      - code: 5 
        name: 清华大学
  - code: 3 
    name: 浙江
    schools: 
      - code: 6
        name: 浙江大学
      - code: 7
        name: 杭州大学
[INFO] 2019-十二月-08 00:09:32 - nacos renew : 
auth - auth:
  - id: A
    name: 未注册用户
    urls: 
      - /mainPage/*
    children:
      - id: A2
        name: 普通用户
        urls:
          - /users/*
          - -/admin/* # 代表不能进去admin 相关页面
  - id: B
    name: 教师
    urls:
     - /*
     - -/admin/*
  - id: C
    name: 超级管理员
    urls: 
     - /*
[INFO] 2019-十二月-08 00:09:32 - nacos renew : 
school - areas: 
  - code: 1 
    name: 上海
    schools: 
      - code: 1
        name: 上海电力大学
      - code: 2 
        name: 上海大学
      - code: 3 
        name: 上海还行大学
  - code: 2 
    name: 北京
    schools: 
      - code: 4
        name: 北京大学
      - code: 5 
        name: 清华大学
  - code: 3 
    name: 浙江
    schools: 
      - code: 6
        name: 浙江大学
      - code: 7
        name: 杭州大学
[INFO] 2019-十二月-08 00:10:01 - nacos renew : 
auth - auth:
  - id: A
    name: 未注册用户
    urls: 
      - /mainPage/*
    children:
      - id: A2
        name: 普通用户
        urls:
          - /users/*
          - -/admin/* # 代表不能进去admin 相关页面
  - id: B
    name: 教师
    urls:
     - /*
     - -/admin/*
  - id: C
    name: 超级管理员
    urls: 
     - /*
[INFO] 2019-十二月-08 00:10:01 - nacos renew : 
school - areas: 
  - code: 1 
    name: 上海
    schools: 
      - code: 1
        name: 上海电力大学
      - code: 2 
        name: 上海大学
      - code: 3 
        name: 上海还行大学
  - code: 2 
    name: 北京
    schools: 
      - code: 4
        name: 北京大学
      - code: 5 
        name: 清华大学
  - code: 3 
    name: 浙江
    schools: 
      - code: 6
        name: 浙江大学
      - code: 7
        name: 杭州大学
[INFO] 2019-十二月-08 00:10:31 - nacos renew : 
auth - auth:
  - id: A
    name: 未注册用户
    urls: 
      - /mainPage/*
    children:
      - id: A2
        name: 普通用户
        urls:
          - /users/*
          - -/admin/* # 代表不能进去admin 相关页面
  - id: B
    name: 教师
    urls:
     - /*
     - -/admin/*
  - id: C
    name: 超级管理员
    urls: 
     - /*
[INFO] 2019-十二月-08 00:10:31 - nacos renew : 
school - areas: 
  - code: 1 
    name: 上海
    schools: 
      - code: 1
        name: 上海电力大学
      - code: 2 
        name: 上海大学
      - code: 3 
        name: 上海还行大学
  - code: 2 
    name: 北京
    schools: 
      - code: 4
        name: 北京大学
      - code: 5 
        name: 清华大学
  - code: 3 
    name: 浙江
    schools: 
      - code: 6
        name: 浙江大学
      - code: 7
        name: 杭州大学
[INFO] 2019-十二月-08 00:11:00 - nacos renew : 
auth - auth:
  - id: A
    name: 未注册用户
    urls: 
      - /mainPage/*
    children:
      - id: A2
        name: 普通用户
        urls:
          - /users/*
          - -/admin/* # 代表不能进去admin 相关页面
  - id: B
    name: 教师
    urls:
     - /*
     - -/admin/*
  - id: C
    name: 超级管理员
    urls: 
     - /*
[INFO] 2019-十二月-08 00:11:00 - nacos renew : 
school - areas: 
  - code: 1 
    name: 上海
    schools: 
      - code: 1
        name: 上海电力大学
      - code: 2 
        name: 上海大学
      - code: 3 
        name: 上海还行大学
  - code: 2 
    name: 北京
    schools: 
      - code: 4
        name: 北京大学
      - code: 5 
        name: 清华大学
  - code: 3 
    name: 浙江
    schools: 
      - code: 6
        name: 浙江大学
      - code: 7
        name: 杭州大学
[INFO] 2019-十二月-08 00:11:30 - nacos renew : 
auth - auth:
  - id: A
    name: 未注册用户
    urls: 
      - /mainPage/*
    children:
      - id: A2
        name: 普通用户
        urls:
          - /users/*
          - -/admin/* # 代表不能进去admin 相关页面
  - id: B
    name: 教师
    urls:
     - /*
     - -/admin/*
  - id: C
    name: 超级管理员
    urls: 
     - /*
[INFO] 2019-十二月-08 00:11:30 - nacos renew : 
school - areas: 
  - code: 1 
    name: 上海
    schools: 
      - code: 1
        name: 上海电力大学
      - code: 2 
        name: 上海大学
      - code: 3 
        name: 上海还行大学
  - code: 2 
    name: 北京
    schools: 
      - code: 4
        name: 北京大学
      - code: 5 
        name: 清华大学
  - code: 3 
    name: 浙江
    schools: 
      - code: 6
        name: 浙江大学
      - code: 7
        name: 杭州大学
[INFO] 2019-十二月-08 00:11:59 - nacos renew : 
auth - auth:
  - id: A
    name: 未注册用户
    urls: 
      - /mainPage/*
    children:
      - id: A2
        name: 普通用户
        urls:
          - /users/*
          - -/admin/* # 代表不能进去admin 相关页面
  - id: B
    name: 教师
    urls:
     - /*
     - -/admin/*
  - id: C
    name: 超级管理员
    urls: 
     - /*
[INFO] 2019-十二月-08 00:11:59 - nacos renew : 
school - areas: 
  - code: 1 
    name: 上海
    schools: 
      - code: 1
        name: 上海电力大学
      - code: 2 
        name: 上海大学
      - code: 3 
        name: 上海还行大学
  - code: 2 
    name: 北京
    schools: 
      - code: 4
        name: 北京大学
      - code: 5 
        name: 清华大学
  - code: 3 
    name: 浙江
    schools: 
      - code: 6
        name: 浙江大学
      - code: 7
        name: 杭州大学
[INFO] 2019-十二月-08 00:12:29 - nacos renew : 
auth - auth:
  - id: A
    name: 未注册用户
    urls: 
      - /mainPage/*
    children:
      - id: A2
        name: 普通用户
        urls:
          - /users/*
          - -/admin/* # 代表不能进去admin 相关页面
  - id: B
    name: 教师
    urls:
     - /*
     - -/admin/*
  - id: C
    name: 超级管理员
    urls: 
     - /*
[INFO] 2019-十二月-08 00:12:29 - nacos renew : 
school - areas: 
  - code: 1 
    name: 上海
    schools: 
      - code: 1
        name: 上海电力大学
      - code: 2 
        name: 上海大学
      - code: 3 
        name: 上海还行大学
  - code: 2 
    name: 北京
    schools: 
      - code: 4
        name: 北京大学
      - code: 5 
        name: 清华大学
  - code: 3 
    name: 浙江
    schools: 
      - code: 6
        name: 浙江大学
      - code: 7
        name: 杭州大学
[INFO] 2019-十二月-08 00:12:58 - nacos renew : 
auth - auth:
  - id: A
    name: 未注册用户
    urls: 
      - /mainPage/*
    children:
      - id: A2
        name: 普通用户
        urls:
          - /users/*
          - -/admin/* # 代表不能进去admin 相关页面
  - id: B
    name: 教师
    urls:
     - /*
     - -/admin/*
  - id: C
    name: 超级管理员
    urls: 
     - /*
[INFO] 2019-十二月-08 00:12:58 - nacos renew : 
school - areas: 
  - code: 1 
    name: 上海
    schools: 
      - code: 1
        name: 上海电力大学
      - code: 2 
        name: 上海大学
      - code: 3 
        name: 上海还行大学
  - code: 2 
    name: 北京
    schools: 
      - code: 4
        name: 北京大学
      - code: 5 
        name: 清华大学
  - code: 3 
    name: 浙江
    schools: 
      - code: 6
        name: 浙江大学
      - code: 7
        name: 杭州大学
[INFO] 2019-十二月-08 00:13:28 - nacos renew : 
auth - auth:
  - id: A
    name: 未注册用户
    urls: 
      - /mainPage/*
    children:
      - id: A2
        name: 普通用户
        urls:
          - /users/*
          - -/admin/* # 代表不能进去admin 相关页面
  - id: B
    name: 教师
    urls:
     - /*
     - -/admin/*
  - id: C
    name: 超级管理员
    urls: 
     - /*
[INFO] 2019-十二月-08 00:13:28 - nacos renew : 
school - areas: 
  - code: 1 
    name: 上海
    schools: 
      - code: 1
        name: 上海电力大学
      - code: 2 
        name: 上海大学
      - code: 3 
        name: 上海还行大学
  - code: 2 
    name: 北京
    schools: 
      - code: 4
        name: 北京大学
      - code: 5 
        name: 清华大学
  - code: 3 
    name: 浙江
    schools: 
      - code: 6
        name: 浙江大学
      - code: 7
        name: 杭州大学
[INFO] 2019-十二月-08 00:13:57 - nacos renew : 
auth - auth:
  - id: A
    name: 未注册用户
    urls: 
      - /mainPage/*
    children:
      - id: A2
        name: 普通用户
        urls:
          - /users/*
          - -/admin/* # 代表不能进去admin 相关页面
  - id: B
    name: 教师
    urls:
     - /*
     - -/admin/*
  - id: C
    name: 超级管理员
    urls: 
     - /*
[INFO] 2019-十二月-08 00:13:57 - nacos renew : 
school - areas: 
  - code: 1 
    name: 上海
    schools: 
      - code: 1
        name: 上海电力大学
      - code: 2 
        name: 上海大学
      - code: 3 
        name: 上海还行大学
  - code: 2 
    name: 北京
    schools: 
      - code: 4
        name: 北京大学
      - code: 5 
        name: 清华大学
  - code: 3 
    name: 浙江
    schools: 
      - code: 6
        name: 浙江大学
      - code: 7
        name: 杭州大学
[INFO] 2019-十二月-08 00:14:27 - nacos renew : 
auth - auth:
  - id: A
    name: 未注册用户
    urls: 
      - /mainPage/*
    children:
      - id: A2
        name: 普通用户
        urls:
          - /users/*
          - -/admin/* # 代表不能进去admin 相关页面
  - id: B
    name: 教师
    urls:
     - /*
     - -/admin/*
  - id: C
    name: 超级管理员
    urls: 
     - /*
[INFO] 2019-十二月-08 00:14:27 - nacos renew : 
school - areas: 
  - code: 1 
    name: 上海
    schools: 
      - code: 1
        name: 上海电力大学
      - code: 2 
        name: 上海大学
      - code: 3 
        name: 上海还行大学
  - code: 2 
    name: 北京
    schools: 
      - code: 4
        name: 北京大学
      - code: 5 
        name: 清华大学
  - code: 3 
    name: 浙江
    schools: 
      - code: 6
        name: 浙江大学
      - code: 7
        name: 杭州大学
[INFO] 2019-十二月-08 00:14:56 - nacos renew : 
auth - auth:
  - id: A
    name: 未注册用户
    urls: 
      - /mainPage/*
    children:
      - id: A2
        name: 普通用户
        urls:
          - /users/*
          - -/admin/* # 代表不能进去admin 相关页面
  - id: B
    name: 教师
    urls:
     - /*
     - -/admin/*
  - id: C
    name: 超级管理员
    urls: 
     - /*
[INFO] 2019-十二月-08 00:14:56 - nacos renew : 
school - areas: 
  - code: 1 
    name: 上海
    schools: 
      - code: 1
        name: 上海电力大学
      - code: 2 
        name: 上海大学
      - code: 3 
        name: 上海还行大学
  - code: 2 
    name: 北京
    schools: 
      - code: 4
        name: 北京大学
      - code: 5 
        name: 清华大学
  - code: 3 
    name: 浙江
    schools: 
      - code: 6
        name: 浙江大学
      - code: 7
        name: 杭州大学
[INFO] 2019-十二月-08 00:15:26 - nacos renew : 
auth - auth:
  - id: A
    name: 未注册用户
    urls: 
      - /mainPage/*
    children:
      - id: A2
        name: 普通用户
        urls:
          - /users/*
          - -/admin/* # 代表不能进去admin 相关页面
  - id: B
    name: 教师
    urls:
     - /*
     - -/admin/*
  - id: C
    name: 超级管理员
    urls: 
     - /*
[INFO] 2019-十二月-08 00:15:26 - nacos renew : 
school - areas: 
  - code: 1 
    name: 上海
    schools: 
      - code: 1
        name: 上海电力大学
      - code: 2 
        name: 上海大学
      - code: 3 
        name: 上海还行大学
  - code: 2 
    name: 北京
    schools: 
      - code: 4
        name: 北京大学
      - code: 5 
        name: 清华大学
  - code: 3 
    name: 浙江
    schools: 
      - code: 6
        name: 浙江大学
      - code: 7
        name: 杭州大学
[INFO] 2019-十二月-08 00:15:55 - nacos renew : 
auth - auth:
  - id: A
    name: 未注册用户
    urls: 
      - /mainPage/*
    children:
      - id: A2
        name: 普通用户
        urls:
          - /users/*
          - -/admin/* # 代表不能进去admin 相关页面
  - id: B
    name: 教师
    urls:
     - /*
     - -/admin/*
  - id: C
    name: 超级管理员
    urls: 
     - /*
[INFO] 2019-十二月-08 00:15:55 - nacos renew : 
school - areas: 
  - code: 1 
    name: 上海
    schools: 
      - code: 1
        name: 上海电力大学
      - code: 2 
        name: 上海大学
      - code: 3 
        name: 上海还行大学
  - code: 2 
    name: 北京
    schools: 
      - code: 4
        name: 北京大学
      - code: 5 
        name: 清华大学
  - code: 3 
    name: 浙江
    schools: 
      - code: 6
        name: 浙江大学
      - code: 7
        name: 杭州大学
[INFO] 2019-十二月-08 00:16:25 - nacos renew : 
auth - auth:
  - id: A
    name: 未注册用户
    urls: 
      - /mainPage/*
    children:
      - id: A2
        name: 普通用户
        urls:
          - /users/*
          - -/admin/* # 代表不能进去admin 相关页面
  - id: B
    name: 教师
    urls:
     - /*
     - -/admin/*
  - id: C
    name: 超级管理员
    urls: 
     - /*
[INFO] 2019-十二月-08 00:16:25 - nacos renew : 
school - areas: 
  - code: 1 
    name: 上海
    schools: 
      - code: 1
        name: 上海电力大学
      - code: 2 
        name: 上海大学
      - code: 3 
        name: 上海还行大学
  - code: 2 
    name: 北京
    schools: 
      - code: 4
        name: 北京大学
      - code: 5 
        name: 清华大学
  - code: 3 
    name: 浙江
    schools: 
      - code: 6
        name: 浙江大学
      - code: 7
        name: 杭州大学
[INFO] 2019-十二月-08 00:16:54 - nacos renew : 
auth - auth:
  - id: A
    name: 未注册用户
    urls: 
      - /mainPage/*
    children:
      - id: A2
        name: 普通用户
        urls:
          - /users/*
          - -/admin/* # 代表不能进去admin 相关页面
  - id: B
    name: 教师
    urls:
     - /*
     - -/admin/*
  - id: C
    name: 超级管理员
    urls: 
     - /*
[INFO] 2019-十二月-08 00:16:54 - nacos renew : 
school - areas: 
  - code: 1 
    name: 上海
    schools: 
      - code: 1
        name: 上海电力大学
      - code: 2 
        name: 上海大学
      - code: 3 
        name: 上海还行大学
  - code: 2 
    name: 北京
    schools: 
      - code: 4
        name: 北京大学
      - code: 5 
        name: 清华大学
  - code: 3 
    name: 浙江
    schools: 
      - code: 6
        name: 浙江大学
      - code: 7
        name: 杭州大学
[INFO] 2019-十二月-08 00:17:24 - nacos renew : 
auth - auth:
  - id: A
    name: 未注册用户
    urls: 
      - /mainPage/*
    children:
      - id: A2
        name: 普通用户
        urls:
          - /users/*
          - -/admin/* # 代表不能进去admin 相关页面
  - id: B
    name: 教师
    urls:
     - /*
     - -/admin/*
  - id: C
    name: 超级管理员
    urls: 
     - /*
[INFO] 2019-十二月-08 00:17:24 - nacos renew : 
school - areas: 
  - code: 1 
    name: 上海
    schools: 
      - code: 1
        name: 上海电力大学
      - code: 2 
        name: 上海大学
      - code: 3 
        name: 上海还行大学
  - code: 2 
    name: 北京
    schools: 
      - code: 4
        name: 北京大学
      - code: 5 
        name: 清华大学
  - code: 3 
    name: 浙江
    schools: 
      - code: 6
        name: 浙江大学
      - code: 7
        name: 杭州大学
[INFO] 2019-十二月-08 00:17:53 - nacos renew : 
auth - auth:
  - id: A
    name: 未注册用户
    urls: 
      - /mainPage/*
    children:
      - id: A2
        name: 普通用户
        urls:
          - /users/*
          - -/admin/* # 代表不能进去admin 相关页面
  - id: B
    name: 教师
    urls:
     - /*
     - -/admin/*
  - id: C
    name: 超级管理员
    urls: 
     - /*
[INFO] 2019-十二月-08 00:17:53 - nacos renew : 
school - areas: 
  - code: 1 
    name: 上海
    schools: 
      - code: 1
        name: 上海电力大学
      - code: 2 
        name: 上海大学
      - code: 3 
        name: 上海还行大学
  - code: 2 
    name: 北京
    schools: 
      - code: 4
        name: 北京大学
      - code: 5 
        name: 清华大学
  - code: 3 
    name: 浙江
    schools: 
      - code: 6
        name: 浙江大学
      - code: 7
        name: 杭州大学
[INFO] 2019-十二月-08 00:18:23 - nacos renew : 
auth - auth:
  - id: A
    name: 未注册用户
    urls: 
      - /mainPage/*
    children:
      - id: A2
        name: 普通用户
        urls:
          - /users/*
          - -/admin/* # 代表不能进去admin 相关页面
  - id: B
    name: 教师
    urls:
     - /*
     - -/admin/*
  - id: C
    name: 超级管理员
    urls: 
     - /*
[INFO] 2019-十二月-08 00:18:23 - nacos renew : 
school - areas: 
  - code: 1 
    name: 上海
    schools: 
      - code: 1
        name: 上海电力大学
      - code: 2 
        name: 上海大学
      - code: 3 
        name: 上海还行大学
  - code: 2 
    name: 北京
    schools: 
      - code: 4
        name: 北京大学
      - code: 5 
        name: 清华大学
  - code: 3 
    name: 浙江
    schools: 
      - code: 6
        name: 浙江大学
      - code: 7
        name: 杭州大学
[INFO] 2019-十二月-08 00:18:52 - nacos renew : 
auth - auth:
  - id: A
    name: 未注册用户
    urls: 
      - /mainPage/*
    children:
      - id: A2
        name: 普通用户
        urls:
          - /users/*
          - -/admin/* # 代表不能进去admin 相关页面
  - id: B
    name: 教师
    urls:
     - /*
     - -/admin/*
  - id: C
    name: 超级管理员
    urls: 
     - /*
[INFO] 2019-十二月-08 00:18:52 - nacos renew : 
school - areas: 
  - code: 1 
    name: 上海
    schools: 
      - code: 1
        name: 上海电力大学
      - code: 2 
        name: 上海大学
      - code: 3 
        name: 上海还行大学
  - code: 2 
    name: 北京
    schools: 
      - code: 4
        name: 北京大学
      - code: 5 
        name: 清华大学
  - code: 3 
    name: 浙江
    schools: 
      - code: 6
        name: 浙江大学
      - code: 7
        name: 杭州大学
[INFO] 2019-十二月-08 00:19:22 - nacos renew : 
auth - auth:
  - id: A
    name: 未注册用户
    urls: 
      - /mainPage/*
    children:
      - id: A2
        name: 普通用户
        urls:
          - /users/*
          - -/admin/* # 代表不能进去admin 相关页面
  - id: B
    name: 教师
    urls:
     - /*
     - -/admin/*
  - id: C
    name: 超级管理员
    urls: 
     - /*
[INFO] 2019-十二月-08 00:19:22 - nacos renew : 
school - areas: 
  - code: 1 
    name: 上海
    schools: 
      - code: 1
        name: 上海电力大学
      - code: 2 
        name: 上海大学
      - code: 3 
        name: 上海还行大学
  - code: 2 
    name: 北京
    schools: 
      - code: 4
        name: 北京大学
      - code: 5 
        name: 清华大学
  - code: 3 
    name: 浙江
    schools: 
      - code: 6
        name: 浙江大学
      - code: 7
        name: 杭州大学
[INFO] 2019-十二月-08 00:19:51 - nacos renew : 
auth - auth:
  - id: A
    name: 未注册用户
    urls: 
      - /mainPage/*
    children:
      - id: A2
        name: 普通用户
        urls:
          - /users/*
          - -/admin/* # 代表不能进去admin 相关页面
  - id: B
    name: 教师
    urls:
     - /*
     - -/admin/*
  - id: C
    name: 超级管理员
    urls: 
     - /*
[INFO] 2019-十二月-08 00:19:51 - nacos renew : 
school - areas: 
  - code: 1 
    name: 上海
    schools: 
      - code: 1
        name: 上海电力大学
      - code: 2 
        name: 上海大学
      - code: 3 
        name: 上海还行大学
  - code: 2 
    name: 北京
    schools: 
      - code: 4
        name: 北京大学
      - code: 5 
        name: 清华大学
  - code: 3 
    name: 浙江
    schools: 
      - code: 6
        name: 浙江大学
      - code: 7
        name: 杭州大学
[INFO] 2019-十二月-08 00:20:21 - nacos renew : 
auth - auth:
  - id: A
    name: 未注册用户
    urls: 
      - /mainPage/*
    children:
      - id: A2
        name: 普通用户
        urls:
          - /users/*
          - -/admin/* # 代表不能进去admin 相关页面
  - id: B
    name: 教师
    urls:
     - /*
     - -/admin/*
  - id: C
    name: 超级管理员
    urls: 
     - /*
[INFO] 2019-十二月-08 00:20:21 - nacos renew : 
school - areas: 
  - code: 1 
    name: 上海
    schools: 
      - code: 1
        name: 上海电力大学
      - code: 2 
        name: 上海大学
      - code: 3 
        name: 上海还行大学
  - code: 2 
    name: 北京
    schools: 
      - code: 4
        name: 北京大学
      - code: 5 
        name: 清华大学
  - code: 3 
    name: 浙江
    schools: 
      - code: 6
        name: 浙江大学
      - code: 7
        name: 杭州大学
[INFO] 2019-十二月-08 00:20:50 - nacos renew : 
auth - auth:
  - id: A
    name: 未注册用户
    urls: 
      - /mainPage/*
    children:
      - id: A2
        name: 普通用户
        urls:
          - /users/*
          - -/admin/* # 代表不能进去admin 相关页面
  - id: B
    name: 教师
    urls:
     - /*
     - -/admin/*
  - id: C
    name: 超级管理员
    urls: 
     - /*
[INFO] 2019-十二月-08 00:20:50 - nacos renew : 
school - areas: 
  - code: 1 
    name: 上海
    schools: 
      - code: 1
        name: 上海电力大学
      - code: 2 
        name: 上海大学
      - code: 3 
        name: 上海还行大学
  - code: 2 
    name: 北京
    schools: 
      - code: 4
        name: 北京大学
      - code: 5 
        name: 清华大学
  - code: 3 
    name: 浙江
    schools: 
      - code: 6
        name: 浙江大学
      - code: 7
        name: 杭州大学
[INFO] 2019-十二月-08 00:21:20 - nacos renew : 
auth - auth:
  - id: A
    name: 未注册用户
    urls: 
      - /mainPage/*
    children:
      - id: A2
        name: 普通用户
        urls:
          - /users/*
          - -/admin/* # 代表不能进去admin 相关页面
  - id: B
    name: 教师
    urls:
     - /*
     - -/admin/*
  - id: C
    name: 超级管理员
    urls: 
     - /*
[INFO] 2019-十二月-08 00:21:20 - nacos renew : 
school - areas: 
  - code: 1 
    name: 上海
    schools: 
      - code: 1
        name: 上海电力大学
      - code: 2 
        name: 上海大学
      - code: 3 
        name: 上海还行大学
  - code: 2 
    name: 北京
    schools: 
      - code: 4
        name: 北京大学
      - code: 5 
        name: 清华大学
  - code: 3 
    name: 浙江
    schools: 
      - code: 6
        name: 浙江大学
      - code: 7
        name: 杭州大学
[INFO] 2019-十二月-08 00:21:49 - nacos renew : 
auth - auth:
  - id: A
    name: 未注册用户
    urls: 
      - /mainPage/*
    children:
      - id: A2
        name: 普通用户
        urls:
          - /users/*
          - -/admin/* # 代表不能进去admin 相关页面
  - id: B
    name: 教师
    urls:
     - /*
     - -/admin/*
  - id: C
    name: 超级管理员
    urls: 
     - /*
[INFO] 2019-十二月-08 00:21:49 - nacos renew : 
school - areas: 
  - code: 1 
    name: 上海
    schools: 
      - code: 1
        name: 上海电力大学
      - code: 2 
        name: 上海大学
      - code: 3 
        name: 上海还行大学
  - code: 2 
    name: 北京
    schools: 
      - code: 4
        name: 北京大学
      - code: 5 
        name: 清华大学
  - code: 3 
    name: 浙江
    schools: 
      - code: 6
        name: 浙江大学
      - code: 7
        name: 杭州大学
[INFO] 2019-十二月-08 00:22:19 - nacos renew : 
auth - auth:
  - id: A
    name: 未注册用户
    urls: 
      - /mainPage/*
    children:
      - id: A2
        name: 普通用户
        urls:
          - /users/*
          - -/admin/* # 代表不能进去admin 相关页面
  - id: B
    name: 教师
    urls:
     - /*
     - -/admin/*
  - id: C
    name: 超级管理员
    urls: 
     - /*
[INFO] 2019-十二月-08 00:22:19 - nacos renew : 
school - areas: 
  - code: 1 
    name: 上海
    schools: 
      - code: 1
        name: 上海电力大学
      - code: 2 
        name: 上海大学
      - code: 3 
        name: 上海还行大学
  - code: 2 
    name: 北京
    schools: 
      - code: 4
        name: 北京大学
      - code: 5 
        name: 清华大学
  - code: 3 
    name: 浙江
    schools: 
      - code: 6
        name: 浙江大学
      - code: 7
        name: 杭州大学
[INFO] 2019-十二月-08 00:22:48 - nacos renew : 
auth - auth:
  - id: A
    name: 未注册用户
    urls: 
      - /mainPage/*
    children:
      - id: A2
        name: 普通用户
        urls:
          - /users/*
          - -/admin/* # 代表不能进去admin 相关页面
  - id: B
    name: 教师
    urls:
     - /*
     - -/admin/*
  - id: C
    name: 超级管理员
    urls: 
     - /*
[INFO] 2019-十二月-08 00:22:48 - nacos renew : 
school - areas: 
  - code: 1 
    name: 上海
    schools: 
      - code: 1
        name: 上海电力大学
      - code: 2 
        name: 上海大学
      - code: 3 
        name: 上海还行大学
  - code: 2 
    name: 北京
    schools: 
      - code: 4
        name: 北京大学
      - code: 5 
        name: 清华大学
  - code: 3 
    name: 浙江
    schools: 
      - code: 6
        name: 浙江大学
      - code: 7
        name: 杭州大学
[INFO] 2019-十二月-08 00:23:18 - nacos renew : 
auth - auth:
  - id: A
    name: 未注册用户
    urls: 
      - /mainPage/*
    children:
      - id: A2
        name: 普通用户
        urls:
          - /users/*
          - -/admin/* # 代表不能进去admin 相关页面
  - id: B
    name: 教师
    urls:
     - /*
     - -/admin/*
  - id: C
    name: 超级管理员
    urls: 
     - /*
[INFO] 2019-十二月-08 00:23:18 - nacos renew : 
school - areas: 
  - code: 1 
    name: 上海
    schools: 
      - code: 1
        name: 上海电力大学
      - code: 2 
        name: 上海大学
      - code: 3 
        name: 上海还行大学
  - code: 2 
    name: 北京
    schools: 
      - code: 4
        name: 北京大学
      - code: 5 
        name: 清华大学
  - code: 3 
    name: 浙江
    schools: 
      - code: 6
        name: 浙江大学
      - code: 7
        name: 杭州大学
[INFO] 2019-十二月-08 00:23:47 - nacos renew : 
auth - auth:
  - id: A
    name: 未注册用户
    urls: 
      - /mainPage/*
    children:
      - id: A2
        name: 普通用户
        urls:
          - /users/*
          - -/admin/* # 代表不能进去admin 相关页面
  - id: B
    name: 教师
    urls:
     - /*
     - -/admin/*
  - id: C
    name: 超级管理员
    urls: 
     - /*
[INFO] 2019-十二月-08 00:23:47 - nacos renew : 
school - areas: 
  - code: 1 
    name: 上海
    schools: 
      - code: 1
        name: 上海电力大学
      - code: 2 
        name: 上海大学
      - code: 3 
        name: 上海还行大学
  - code: 2 
    name: 北京
    schools: 
      - code: 4
        name: 北京大学
      - code: 5 
        name: 清华大学
  - code: 3 
    name: 浙江
    schools: 
      - code: 6
        name: 浙江大学
      - code: 7
        name: 杭州大学
[INFO] 2019-十二月-08 00:24:17 - nacos renew : 
auth - auth:
  - id: A
    name: 未注册用户
    urls: 
      - /mainPage/*
    children:
      - id: A2
        name: 普通用户
        urls:
          - /users/*
          - -/admin/* # 代表不能进去admin 相关页面
  - id: B
    name: 教师
    urls:
     - /*
     - -/admin/*
  - id: C
    name: 超级管理员
    urls: 
     - /*
[INFO] 2019-十二月-08 00:24:17 - nacos renew : 
school - areas: 
  - code: 1 
    name: 上海
    schools: 
      - code: 1
        name: 上海电力大学
      - code: 2 
        name: 上海大学
      - code: 3 
        name: 上海还行大学
  - code: 2 
    name: 北京
    schools: 
      - code: 4
        name: 北京大学
      - code: 5 
        name: 清华大学
  - code: 3 
    name: 浙江
    schools: 
      - code: 6
        name: 浙江大学
      - code: 7
        name: 杭州大学
[INFO] 2019-十二月-08 00:24:46 - nacos renew : 
auth - auth:
  - id: A
    name: 未注册用户
    urls: 
      - /mainPage/*
    children:
      - id: A2
        name: 普通用户
        urls:
          - /users/*
          - -/admin/* # 代表不能进去admin 相关页面
  - id: B
    name: 教师
    urls:
     - /*
     - -/admin/*
  - id: C
    name: 超级管理员
    urls: 
     - /*
[INFO] 2019-十二月-08 00:24:46 - nacos renew : 
school - areas: 
  - code: 1 
    name: 上海
    schools: 
      - code: 1
        name: 上海电力大学
      - code: 2 
        name: 上海大学
      - code: 3 
        name: 上海还行大学
  - code: 2 
    name: 北京
    schools: 
      - code: 4
        name: 北京大学
      - code: 5 
        name: 清华大学
  - code: 3 
    name: 浙江
    schools: 
      - code: 6
        name: 浙江大学
      - code: 7
        name: 杭州大学
[INFO] 2019-十二月-08 00:25:16 - nacos renew : 
auth - auth:
  - id: A
    name: 未注册用户
    urls: 
      - /mainPage/*
    children:
      - id: A2
        name: 普通用户
        urls:
          - /users/*
          - -/admin/* # 代表不能进去admin 相关页面
  - id: B
    name: 教师
    urls:
     - /*
     - -/admin/*
  - id: C
    name: 超级管理员
    urls: 
     - /*
[INFO] 2019-十二月-08 00:25:16 - nacos renew : 
school - areas: 
  - code: 1 
    name: 上海
    schools: 
      - code: 1
        name: 上海电力大学
      - code: 2 
        name: 上海大学
      - code: 3 
        name: 上海还行大学
  - code: 2 
    name: 北京
    schools: 
      - code: 4
        name: 北京大学
      - code: 5 
        name: 清华大学
  - code: 3 
    name: 浙江
    schools: 
      - code: 6
        name: 浙江大学
      - code: 7
        name: 杭州大学
[INFO] 2019-十二月-08 00:25:45 - nacos renew : 
auth - auth:
  - id: A
    name: 未注册用户
    urls: 
      - /mainPage/*
    children:
      - id: A2
        name: 普通用户
        urls:
          - /users/*
          - -/admin/* # 代表不能进去admin 相关页面
  - id: B
    name: 教师
    urls:
     - /*
     - -/admin/*
  - id: C
    name: 超级管理员
    urls: 
     - /*
[INFO] 2019-十二月-08 00:25:45 - nacos renew : 
school - areas: 
  - code: 1 
    name: 上海
    schools: 
      - code: 1
        name: 上海电力大学
      - code: 2 
        name: 上海大学
      - code: 3 
        name: 上海还行大学
  - code: 2 
    name: 北京
    schools: 
      - code: 4
        name: 北京大学
      - code: 5 
        name: 清华大学
  - code: 3 
    name: 浙江
    schools: 
      - code: 6
        name: 浙江大学
      - code: 7
        name: 杭州大学
[INFO] 2019-十二月-08 00:26:15 - nacos renew : 
auth - auth:
  - id: A
    name: 未注册用户
    urls: 
      - /mainPage/*
    children:
      - id: A2
        name: 普通用户
        urls:
          - /users/*
          - -/admin/* # 代表不能进去admin 相关页面
  - id: B
    name: 教师
    urls:
     - /*
     - -/admin/*
  - id: C
    name: 超级管理员
    urls: 
     - /*
[INFO] 2019-十二月-08 00:26:15 - nacos renew : 
school - areas: 
  - code: 1 
    name: 上海
    schools: 
      - code: 1
        name: 上海电力大学
      - code: 2 
        name: 上海大学
      - code: 3 
        name: 上海还行大学
  - code: 2 
    name: 北京
    schools: 
      - code: 4
        name: 北京大学
      - code: 5 
        name: 清华大学
  - code: 3 
    name: 浙江
    schools: 
      - code: 6
        name: 浙江大学
      - code: 7
        name: 杭州大学
[INFO] 2019-十二月-08 00:26:44 - nacos renew : 
auth - auth:
  - id: A
    name: 未注册用户
    urls: 
      - /mainPage/*
    children:
      - id: A2
        name: 普通用户
        urls:
          - /users/*
          - -/admin/* # 代表不能进去admin 相关页面
  - id: B
    name: 教师
    urls:
     - /*
     - -/admin/*
  - id: C
    name: 超级管理员
    urls: 
     - /*
[INFO] 2019-十二月-08 00:26:44 - nacos renew : 
school - areas: 
  - code: 1 
    name: 上海
    schools: 
      - code: 1
        name: 上海电力大学
      - code: 2 
        name: 上海大学
      - code: 3 
        name: 上海还行大学
  - code: 2 
    name: 北京
    schools: 
      - code: 4
        name: 北京大学
      - code: 5 
        name: 清华大学
  - code: 3 
    name: 浙江
    schools: 
      - code: 6
        name: 浙江大学
      - code: 7
        name: 杭州大学
[INFO] 2019-十二月-08 00:27:14 - nacos renew : 
auth - auth:
  - id: A
    name: 未注册用户
    urls: 
      - /mainPage/*
    children:
      - id: A2
        name: 普通用户
        urls:
          - /users/*
          - -/admin/* # 代表不能进去admin 相关页面
  - id: B
    name: 教师
    urls:
     - /*
     - -/admin/*
  - id: C
    name: 超级管理员
    urls: 
     - /*
[INFO] 2019-十二月-08 00:27:14 - nacos renew : 
school - areas: 
  - code: 1 
    name: 上海
    schools: 
      - code: 1
        name: 上海电力大学
      - code: 2 
        name: 上海大学
      - code: 3 
        name: 上海还行大学
  - code: 2 
    name: 北京
    schools: 
      - code: 4
        name: 北京大学
      - code: 5 
        name: 清华大学
  - code: 3 
    name: 浙江
    schools: 
      - code: 6
        name: 浙江大学
      - code: 7
        name: 杭州大学
[INFO] 2019-十二月-08 00:27:43 - nacos renew : 
auth - auth:
  - id: A
    name: 未注册用户
    urls: 
      - /mainPage/*
    children:
      - id: A2
        name: 普通用户
        urls:
          - /users/*
          - -/admin/* # 代表不能进去admin 相关页面
  - id: B
    name: 教师
    urls:
     - /*
     - -/admin/*
  - id: C
    name: 超级管理员
    urls: 
     - /*
[INFO] 2019-十二月-08 00:27:43 - nacos renew : 
school - areas: 
  - code: 1 
    name: 上海
    schools: 
      - code: 1
        name: 上海电力大学
      - code: 2 
        name: 上海大学
      - code: 3 
        name: 上海还行大学
  - code: 2 
    name: 北京
    schools: 
      - code: 4
        name: 北京大学
      - code: 5 
        name: 清华大学
  - code: 3 
    name: 浙江
    schools: 
      - code: 6
        name: 浙江大学
      - code: 7
        name: 杭州大学
[INFO] 2019-十二月-08 00:28:13 - nacos renew : 
auth - auth:
  - id: A
    name: 未注册用户
    urls: 
      - /mainPage/*
    children:
      - id: A2
        name: 普通用户
        urls:
          - /users/*
          - -/admin/* # 代表不能进去admin 相关页面
  - id: B
    name: 教师
    urls:
     - /*
     - -/admin/*
  - id: C
    name: 超级管理员
    urls: 
     - /*
[INFO] 2019-十二月-08 00:28:13 - nacos renew : 
school - areas: 
  - code: 1 
    name: 上海
    schools: 
      - code: 1
        name: 上海电力大学
      - code: 2 
        name: 上海大学
      - code: 3 
        name: 上海还行大学
  - code: 2 
    name: 北京
    schools: 
      - code: 4
        name: 北京大学
      - code: 5 
        name: 清华大学
  - code: 3 
    name: 浙江
    schools: 
      - code: 6
        name: 浙江大学
      - code: 7
        name: 杭州大学
[INFO] 2019-十二月-08 00:28:42 - nacos renew : 
auth - auth:
  - id: A
    name: 未注册用户
    urls: 
      - /mainPage/*
    children:
      - id: A2
        name: 普通用户
        urls:
          - /users/*
          - -/admin/* # 代表不能进去admin 相关页面
  - id: B
    name: 教师
    urls:
     - /*
     - -/admin/*
  - id: C
    name: 超级管理员
    urls: 
     - /*
[INFO] 2019-十二月-08 00:28:42 - nacos renew : 
school - areas: 
  - code: 1 
    name: 上海
    schools: 
      - code: 1
        name: 上海电力大学
      - code: 2 
        name: 上海大学
      - code: 3 
        name: 上海还行大学
  - code: 2 
    name: 北京
    schools: 
      - code: 4
        name: 北京大学
      - code: 5 
        name: 清华大学
  - code: 3 
    name: 浙江
    schools: 
      - code: 6
        name: 浙江大学
      - code: 7
        name: 杭州大学
[INFO] 2019-十二月-08 00:29:12 - nacos renew : 
auth - auth:
  - id: A
    name: 未注册用户
    urls: 
      - /mainPage/*
    children:
      - id: A2
        name: 普通用户
        urls:
          - /users/*
          - -/admin/* # 代表不能进去admin 相关页面
  - id: B
    name: 教师
    urls:
     - /*
     - -/admin/*
  - id: C
    name: 超级管理员
    urls: 
     - /*
[INFO] 2019-十二月-08 00:29:12 - nacos renew : 
school - areas: 
  - code: 1 
    name: 上海
    schools: 
      - code: 1
        name: 上海电力大学
      - code: 2 
        name: 上海大学
      - code: 3 
        name: 上海还行大学
  - code: 2 
    name: 北京
    schools: 
      - code: 4
        name: 北京大学
      - code: 5 
        name: 清华大学
  - code: 3 
    name: 浙江
    schools: 
      - code: 6
        name: 浙江大学
      - code: 7
        name: 杭州大学
[INFO] 2019-十二月-08 00:29:41 - nacos renew : 
auth - auth:
  - id: A
    name: 未注册用户
    urls: 
      - /mainPage/*
    children:
      - id: A2
        name: 普通用户
        urls:
          - /users/*
          - -/admin/* # 代表不能进去admin 相关页面
  - id: B
    name: 教师
    urls:
     - /*
     - -/admin/*
  - id: C
    name: 超级管理员
    urls: 
     - /*
[INFO] 2019-十二月-08 00:29:41 - nacos renew : 
school - areas: 
  - code: 1 
    name: 上海
    schools: 
      - code: 1
        name: 上海电力大学
      - code: 2 
        name: 上海大学
      - code: 3 
        name: 上海还行大学
  - code: 2 
    name: 北京
    schools: 
      - code: 4
        name: 北京大学
      - code: 5 
        name: 清华大学
  - code: 3 
    name: 浙江
    schools: 
      - code: 6
        name: 浙江大学
      - code: 7
        name: 杭州大学
[INFO] 2019-十二月-08 00:30:11 - nacos renew : 
auth - auth:
  - id: A
    name: 未注册用户
    urls: 
      - /mainPage/*
    children:
      - id: A2
        name: 普通用户
        urls:
          - /users/*
          - -/admin/* # 代表不能进去admin 相关页面
  - id: B
    name: 教师
    urls:
     - /*
     - -/admin/*
  - id: C
    name: 超级管理员
    urls: 
     - /*
[INFO] 2019-十二月-08 00:30:11 - nacos renew : 
school - areas: 
  - code: 1 
    name: 上海
    schools: 
      - code: 1
        name: 上海电力大学
      - code: 2 
        name: 上海大学
      - code: 3 
        name: 上海还行大学
  - code: 2 
    name: 北京
    schools: 
      - code: 4
        name: 北京大学
      - code: 5 
        name: 清华大学
  - code: 3 
    name: 浙江
    schools: 
      - code: 6
        name: 浙江大学
      - code: 7
        name: 杭州大学
[INFO] 2019-十二月-08 00:30:41 - nacos renew : 
auth - auth:
  - id: A
    name: 未注册用户
    urls: 
      - /mainPage/*
    children:
      - id: A2
        name: 普通用户
        urls:
          - /users/*
          - -/admin/* # 代表不能进去admin 相关页面
  - id: B
    name: 教师
    urls:
     - /*
     - -/admin/*
  - id: C
    name: 超级管理员
    urls: 
     - /*
[INFO] 2019-十二月-08 00:30:41 - nacos renew : 
school - areas: 
  - code: 1 
    name: 上海
    schools: 
      - code: 1
        name: 上海电力大学
      - code: 2 
        name: 上海大学
      - code: 3 
        name: 上海还行大学
  - code: 2 
    name: 北京
    schools: 
      - code: 4
        name: 北京大学
      - code: 5 
        name: 清华大学
  - code: 3 
    name: 浙江
    schools: 
      - code: 6
        name: 浙江大学
      - code: 7
        name: 杭州大学
[INFO] 2019-十二月-08 00:31:10 - nacos renew : 
auth - auth:
  - id: A
    name: 未注册用户
    urls: 
      - /mainPage/*
    children:
      - id: A2
        name: 普通用户
        urls:
          - /users/*
          - -/admin/* # 代表不能进去admin 相关页面
  - id: B
    name: 教师
    urls:
     - /*
     - -/admin/*
  - id: C
    name: 超级管理员
    urls: 
     - /*
[INFO] 2019-十二月-08 00:31:10 - nacos renew : 
school - areas: 
  - code: 1 
    name: 上海
    schools: 
      - code: 1
        name: 上海电力大学
      - code: 2 
        name: 上海大学
      - code: 3 
        name: 上海还行大学
  - code: 2 
    name: 北京
    schools: 
      - code: 4
        name: 北京大学
      - code: 5 
        name: 清华大学
  - code: 3 
    name: 浙江
    schools: 
      - code: 6
        name: 浙江大学
      - code: 7
        name: 杭州大学
[INFO] 2019-十二月-08 00:31:40 - nacos renew : 
auth - auth:
  - id: A
    name: 未注册用户
    urls: 
      - /mainPage/*
    children:
      - id: A2
        name: 普通用户
        urls:
          - /users/*
          - -/admin/* # 代表不能进去admin 相关页面
  - id: B
    name: 教师
    urls:
     - /*
     - -/admin/*
  - id: C
    name: 超级管理员
    urls: 
     - /*
[INFO] 2019-十二月-08 00:31:40 - nacos renew : 
school - areas: 
  - code: 1 
    name: 上海
    schools: 
      - code: 1
        name: 上海电力大学
      - code: 2 
        name: 上海大学
      - code: 3 
        name: 上海还行大学
  - code: 2 
    name: 北京
    schools: 
      - code: 4
        name: 北京大学
      - code: 5 
        name: 清华大学
  - code: 3 
    name: 浙江
    schools: 
      - code: 6
        name: 浙江大学
      - code: 7
        name: 杭州大学
[INFO] 2019-十二月-08 00:32:09 - nacos renew : 
auth - auth:
  - id: A
    name: 未注册用户
    urls: 
      - /mainPage/*
    children:
      - id: A2
        name: 普通用户
        urls:
          - /users/*
          - -/admin/* # 代表不能进去admin 相关页面
  - id: B
    name: 教师
    urls:
     - /*
     - -/admin/*
  - id: C
    name: 超级管理员
    urls: 
     - /*
[INFO] 2019-十二月-08 00:32:09 - nacos renew : 
school - areas: 
  - code: 1 
    name: 上海
    schools: 
      - code: 1
        name: 上海电力大学
      - code: 2 
        name: 上海大学
      - code: 3 
        name: 上海还行大学
  - code: 2 
    name: 北京
    schools: 
      - code: 4
        name: 北京大学
      - code: 5 
        name: 清华大学
  - code: 3 
    name: 浙江
    schools: 
      - code: 6
        name: 浙江大学
      - code: 7
        name: 杭州大学
[INFO] 2019-十二月-08 00:32:39 - nacos renew : 
auth - auth:
  - id: A
    name: 未注册用户
    urls: 
      - /mainPage/*
    children:
      - id: A2
        name: 普通用户
        urls:
          - /users/*
          - -/admin/* # 代表不能进去admin 相关页面
  - id: B
    name: 教师
    urls:
     - /*
     - -/admin/*
  - id: C
    name: 超级管理员
    urls: 
     - /*
[INFO] 2019-十二月-08 00:32:39 - nacos renew : 
school - areas: 
  - code: 1 
    name: 上海
    schools: 
      - code: 1
        name: 上海电力大学
      - code: 2 
        name: 上海大学
      - code: 3 
        name: 上海还行大学
  - code: 2 
    name: 北京
    schools: 
      - code: 4
        name: 北京大学
      - code: 5 
        name: 清华大学
  - code: 3 
    name: 浙江
    schools: 
      - code: 6
        name: 浙江大学
      - code: 7
        name: 杭州大学
[INFO] 2019-十二月-08 00:33:08 - nacos renew : 
school - areas: 
  - code: 1 
    name: 上海
    schools: 
      - code: 1
        name: 上海电力大学
      - code: 2 
        name: 上海大学
      - code: 3 
        name: 上海还行大学
  - code: 2 
    name: 北京
    schools: 
      - code: 4
        name: 北京大学
      - code: 5 
        name: 清华大学
  - code: 3 
    name: 浙江
    schools: 
      - code: 6
        name: 浙江大学
      - code: 7
        name: 杭州大学
[INFO] 2019-十二月-08 00:33:08 - nacos renew : 
auth - auth:
  - id: A
    name: 未注册用户
    urls: 
      - /mainPage/*
    children:
      - id: A2
        name: 普通用户
        urls:
          - /users/*
          - -/admin/* # 代表不能进去admin 相关页面
  - id: B
    name: 教师
    urls:
     - /*
     - -/admin/*
  - id: C
    name: 超级管理员
    urls: 
     - /*
[INFO] 2019-十二月-08 00:33:38 - nacos renew : 
auth - auth:
  - id: A
    name: 未注册用户
    urls: 
      - /mainPage/*
    children:
      - id: A2
        name: 普通用户
        urls:
          - /users/*
          - -/admin/* # 代表不能进去admin 相关页面
  - id: B
    name: 教师
    urls:
     - /*
     - -/admin/*
  - id: C
    name: 超级管理员
    urls: 
     - /*
[INFO] 2019-十二月-08 00:33:38 - nacos renew : 
school - areas: 
  - code: 1 
    name: 上海
    schools: 
      - code: 1
        name: 上海电力大学
      - code: 2 
        name: 上海大学
      - code: 3 
        name: 上海还行大学
  - code: 2 
    name: 北京
    schools: 
      - code: 4
        name: 北京大学
      - code: 5 
        name: 清华大学
  - code: 3 
    name: 浙江
    schools: 
      - code: 6
        name: 浙江大学
      - code: 7
        name: 杭州大学
[INFO] 2019-十二月-08 00:34:07 - nacos renew : 
auth - auth:
  - id: A
    name: 未注册用户
    urls: 
      - /mainPage/*
    children:
      - id: A2
        name: 普通用户
        urls:
          - /users/*
          - -/admin/* # 代表不能进去admin 相关页面
  - id: B
    name: 教师
    urls:
     - /*
     - -/admin/*
  - id: C
    name: 超级管理员
    urls: 
     - /*
[INFO] 2019-十二月-08 00:34:07 - nacos renew : 
school - areas: 
  - code: 1 
    name: 上海
    schools: 
      - code: 1
        name: 上海电力大学
      - code: 2 
        name: 上海大学
      - code: 3 
        name: 上海还行大学
  - code: 2 
    name: 北京
    schools: 
      - code: 4
        name: 北京大学
      - code: 5 
        name: 清华大学
  - code: 3 
    name: 浙江
    schools: 
      - code: 6
        name: 浙江大学
      - code: 7
        name: 杭州大学
[INFO] 2019-十二月-08 00:34:37 - nacos renew : 
auth - auth:
  - id: A
    name: 未注册用户
    urls: 
      - /mainPage/*
    children:
      - id: A2
        name: 普通用户
        urls:
          - /users/*
          - -/admin/* # 代表不能进去admin 相关页面
  - id: B
    name: 教师
    urls:
     - /*
     - -/admin/*
  - id: C
    name: 超级管理员
    urls: 
     - /*
[INFO] 2019-十二月-08 00:34:37 - nacos renew : 
school - areas: 
  - code: 1 
    name: 上海
    schools: 
      - code: 1
        name: 上海电力大学
      - code: 2 
        name: 上海大学
      - code: 3 
        name: 上海还行大学
  - code: 2 
    name: 北京
    schools: 
      - code: 4
        name: 北京大学
      - code: 5 
        name: 清华大学
  - code: 3 
    name: 浙江
    schools: 
      - code: 6
        name: 浙江大学
      - code: 7
        name: 杭州大学
[INFO] 2019-十二月-08 00:35:06 - nacos renew : 
auth - auth:
  - id: A
    name: 未注册用户
    urls: 
      - /mainPage/*
    children:
      - id: A2
        name: 普通用户
        urls:
          - /users/*
          - -/admin/* # 代表不能进去admin 相关页面
  - id: B
    name: 教师
    urls:
     - /*
     - -/admin/*
  - id: C
    name: 超级管理员
    urls: 
     - /*
[INFO] 2019-十二月-08 00:35:06 - nacos renew : 
school - areas: 
  - code: 1 
    name: 上海
    schools: 
      - code: 1
        name: 上海电力大学
      - code: 2 
        name: 上海大学
      - code: 3 
        name: 上海还行大学
  - code: 2 
    name: 北京
    schools: 
      - code: 4
        name: 北京大学
      - code: 5 
        name: 清华大学
  - code: 3 
    name: 浙江
    schools: 
      - code: 6
        name: 浙江大学
      - code: 7
        name: 杭州大学
[INFO] 2019-十二月-08 00:35:36 - nacos renew : 
auth - auth:
  - id: A
    name: 未注册用户
    urls: 
      - /mainPage/*
    children:
      - id: A2
        name: 普通用户
        urls:
          - /users/*
          - -/admin/* # 代表不能进去admin 相关页面
  - id: B
    name: 教师
    urls:
     - /*
     - -/admin/*
  - id: C
    name: 超级管理员
    urls: 
     - /*
[INFO] 2019-十二月-08 00:35:36 - nacos renew : 
school - areas: 
  - code: 1 
    name: 上海
    schools: 
      - code: 1
        name: 上海电力大学
      - code: 2 
        name: 上海大学
      - code: 3 
        name: 上海还行大学
  - code: 2 
    name: 北京
    schools: 
      - code: 4
        name: 北京大学
      - code: 5 
        name: 清华大学
  - code: 3 
    name: 浙江
    schools: 
      - code: 6
        name: 浙江大学
      - code: 7
        name: 杭州大学
[INFO] 2019-十二月-08 00:36:05 - nacos renew : 
auth - auth:
  - id: A
    name: 未注册用户
    urls: 
      - /mainPage/*
    children:
      - id: A2
        name: 普通用户
        urls:
          - /users/*
          - -/admin/* # 代表不能进去admin 相关页面
  - id: B
    name: 教师
    urls:
     - /*
     - -/admin/*
  - id: C
    name: 超级管理员
    urls: 
     - /*
[INFO] 2019-十二月-08 00:36:05 - nacos renew : 
school - areas: 
  - code: 1 
    name: 上海
    schools: 
      - code: 1
        name: 上海电力大学
      - code: 2 
        name: 上海大学
      - code: 3 
        name: 上海还行大学
  - code: 2 
    name: 北京
    schools: 
      - code: 4
        name: 北京大学
      - code: 5 
        name: 清华大学
  - code: 3 
    name: 浙江
    schools: 
      - code: 6
        name: 浙江大学
      - code: 7
        name: 杭州大学
[INFO] 2019-十二月-08 00:36:35 - nacos renew : 
auth - auth:
  - id: A
    name: 未注册用户
    urls: 
      - /mainPage/*
    children:
      - id: A2
        name: 普通用户
        urls:
          - /users/*
          - -/admin/* # 代表不能进去admin 相关页面
  - id: B
    name: 教师
    urls:
     - /*
     - -/admin/*
  - id: C
    name: 超级管理员
    urls: 
     - /*
[INFO] 2019-十二月-08 00:36:35 - nacos renew : 
school - areas: 
  - code: 1 
    name: 上海
    schools: 
      - code: 1
        name: 上海电力大学
      - code: 2 
        name: 上海大学
      - code: 3 
        name: 上海还行大学
  - code: 2 
    name: 北京
    schools: 
      - code: 4
        name: 北京大学
      - code: 5 
        name: 清华大学
  - code: 3 
    name: 浙江
    schools: 
      - code: 6
        name: 浙江大学
      - code: 7
        name: 杭州大学
[INFO] 2019-十二月-08 00:37:04 - nacos renew : 
auth - auth:
  - id: A
    name: 未注册用户
    urls: 
      - /mainPage/*
    children:
      - id: A2
        name: 普通用户
        urls:
          - /users/*
          - -/admin/* # 代表不能进去admin 相关页面
  - id: B
    name: 教师
    urls:
     - /*
     - -/admin/*
  - id: C
    name: 超级管理员
    urls: 
     - /*
[INFO] 2019-十二月-08 00:37:04 - nacos renew : 
school - areas: 
  - code: 1 
    name: 上海
    schools: 
      - code: 1
        name: 上海电力大学
      - code: 2 
        name: 上海大学
      - code: 3 
        name: 上海还行大学
  - code: 2 
    name: 北京
    schools: 
      - code: 4
        name: 北京大学
      - code: 5 
        name: 清华大学
  - code: 3 
    name: 浙江
    schools: 
      - code: 6
        name: 浙江大学
      - code: 7
        name: 杭州大学
